<?xml version="1.0" encoding="UTF-8"?>
<testsuite name="de.tum.in.ase.eist.BrakingSystemTest" tests="1" skipped="0" failures="0" errors="0" timestamp="2022-08-08T16:33:27" hostname="HPProBook450G8NotebookPCe0007bff" time="0.015">
  <properties/>
  <testcase name="testABSWarning()" classname="de.tum.in.ase.eist.BrakingSystemTest" time="0.015"/>
  <system-out><![CDATA[]]></system-out>
  <system-err><![CDATA[]]></system-err>
</testsuite>
