<?xml version="1.0" encoding="UTF-8"?>
<testsuite name="de.tum.in.ase.eist.ABSTest" tests="2" skipped="0" failures="0" errors="0" timestamp="2022-08-08T14:41:08" hostname="HPProBook450G8NotebookPCe0007bff" time="0.012">
  <properties/>
  <testcase name="testShouldOverrideBreakOnLowTraction()" classname="de.tum.in.ase.eist.ABSTest" time="0.01"/>
  <testcase name="testShouldNotOverrideBreakOnHighTraction()" classname="de.tum.in.ase.eist.ABSTest" time="0.001"/>
  <system-out><![CDATA[]]></system-out>
  <system-err><![CDATA[]]></system-err>
</testsuite>
